<?xml version="1.0" encoding="UTF-8"?>
<!-- Generated by org.testng.reporters.JUnitReportReporter -->
<testsuite hostname="m-c02s5e28g8wn" failures="0" tests="1" name="JaninoEvaluatorTest" time="0.203" errors="0" timestamp="15 Oct 2020 08:53:11 GMT">
  <testcase classname="JaninoEvaluatorTest" name="testEmbeddedExpression" time="0.203"/>
</testsuite> <!-- JaninoEvaluatorTest -->
